<?xml version="1.0" encoding="UTF-8"?>
<!-- Generated by org.testng.reporters.JUnitReportReporter -->
<testsuite hostname="LAPTOP-JVTF571D" failures="0" tests="1" name="com.saikumar.googlechrome.ChromeSeacrh" time="6.707" errors="0" timestamp="2022-09-11T09:04:58 IST" skipped="0">
  <testcase classname="com.saikumar.googlechrome.ChromeSeacrh" name="search" time="6.707"/>
  <system-out/>
</testsuite> <!-- com.saikumar.googlechrome.ChromeSeacrh -->
