<?xml version="1.0" encoding="UTF-8"?>
<!-- Generated by org.testng.reporters.JUnitReportReporter -->
<testsuite hostname="LAPTOP-JVTF571D" failures="0" tests="1" name="com.orangehrm.testcases.OrangePagefactoryTest" time="29.159" errors="0" timestamp="2022-09-09T22:32:29 IST" skipped="0">
  <testcase classname="com.orangehrm.testcases.OrangePagefactoryTest" name="logincheck" time="29.159"/>
  <system-out/>
</testsuite> <!-- com.orangehrm.testcases.OrangePagefactoryTest -->
