<?xml version="1.0" encoding="UTF-8"?>
<!-- Generated by org.testng.reporters.JUnitReportReporter -->
<testsuite hostname="LAPTOP-JVTF571D" failures="0" tests="1" name="com.orangehrm.testcases.OrangeloginTest" time="23.471" errors="0" timestamp="2022-07-16T09:42:56 IST" skipped="0">
  <testcase classname="com.orangehrm.testcases.OrangeloginTest" name="login" time="23.471"/>
  <system-out/>
</testsuite> <!-- com.orangehrm.testcases.OrangeloginTest -->
