<?xml version="1.0" encoding="UTF-8"?>
<!-- Generated by org.testng.reporters.JUnitReportReporter -->
<testsuite hostname="LAPTOP-JVTF571D" failures="0" tests="3" name="com.saikumar.testng.Testing" time="0.020" errors="0" timestamp="2022-07-08T11:49:08 IST" skipped="1">
  <testcase classname="com.saikumar.testng.Testing" name="m4" time="0.010"/>
  <system-out/>
  <testcase classname="com.saikumar.testng.Testing" name="m2" time="0.010"/>
  <system-out/>
  <testcase classname="com.saikumar.testng.Testing" name="m1">
    <skipped/>
  </testcase> <!-- m1 -->
  <system-out/>
</testsuite> <!-- com.saikumar.testng.Testing -->
